25/11/2025 20:07:41	This log contains information about the import schema operation into project 'HotelCore.Database' on computer 'NAYANWINDOWS' by user 'mdnay'.
25/11/2025 20:07:41	Import of database schema has started.
25/11/2025 20:07:48	Gathering database credentials
25/11/2025 20:07:48	Gathering database options
25/11/2025 20:07:48	Gathering generic database scoped configuration option
25/11/2025 20:07:48	Gathering users
25/11/2025 20:07:48	Gathering roles
25/11/2025 20:07:48	Gathering application roles
25/11/2025 20:07:48	Gathering role memberships
25/11/2025 20:07:48	Gathering filegroups
25/11/2025 20:07:48	Gathering full-text catalogs
25/11/2025 20:07:48	Gathering assemblies
25/11/2025 20:07:48	Gathering certificates
25/11/2025 20:07:48	Gathering asymmetric keys
25/11/2025 20:07:48	Gathering symmetric keys
25/11/2025 20:07:48	Gathering encrypted symmetric keys
25/11/2025 20:07:48	Gathering schemas
25/11/2025 20:07:48	Gathering XML schema collections
25/11/2025 20:07:48	Gathering user-defined data types
25/11/2025 20:07:48	Gathering user-defined types
25/11/2025 20:07:48	Gathering table types
25/11/2025 20:07:48	Gathering unique keys for table types
25/11/2025 20:07:48	Gathering primary keys for table types
25/11/2025 20:07:48	Gathering indexes for table types
25/11/2025 20:07:48	Gathering check constraints for table types
25/11/2025 20:07:48	Gathering default constraints for table types
25/11/2025 20:07:48	Gathering partition functions
25/11/2025 20:07:48	Gathering partition schemes
25/11/2025 20:07:48	Gathering functions
25/11/2025 20:07:48	Gathering encrypted functions
25/11/2025 20:07:48	Gathering aggregates
25/11/2025 20:07:48	Gathering procedures
25/11/2025 20:07:48	Gathering encrypted procedures
25/11/2025 20:07:48	Gathering tables
25/11/2025 20:07:48	Gathering primary keys
25/11/2025 20:07:48	Gathering unique constraints
25/11/2025 20:07:48	Gathering foreign keys
25/11/2025 20:07:48	Gathering default constraints
25/11/2025 20:07:48	Gathering check constraints
25/11/2025 20:07:48	Gathering views
25/11/2025 20:07:48	Gathering encrypted views
25/11/2025 20:07:48	Gathering indexes
25/11/2025 20:07:49	Gathering statistics
25/11/2025 20:07:49	Gathering full-text index stoplists
25/11/2025 20:07:49	Gathering search property lists
25/11/2025 20:07:49	Gathering search properties
25/11/2025 20:07:49	Gathering full-text indexes
25/11/2025 20:07:49	Gathering column store indexes
25/11/2025 20:07:49	Gathering spatial indexes
25/11/2025 20:07:49	Gathering XML indexes
25/11/2025 20:07:49	Gathering Selective XML indexes
25/11/2025 20:07:49	Gathering encrypted triggers
25/11/2025 20:07:49	Gathering triggers
25/11/2025 20:07:49	Gathering encrypted and clr ddl triggers
25/11/2025 20:07:49	Gathering ddl triggers
25/11/2025 20:07:49	Creating edge constraints
25/11/2025 20:07:49	Gathering synonyms
25/11/2025 20:07:49	Gathering defaults
25/11/2025 20:07:49	Gathering data constraint uddt bindings
25/11/2025 20:07:49	Gathering rules
25/11/2025 20:07:49	Gathering data constraint uddt bindings
25/11/2025 20:07:49	Gathering message types
25/11/2025 20:07:49	Gathering queues
25/11/2025 20:07:49	Gathering contracts
25/11/2025 20:07:49	Gathering services
25/11/2025 20:07:49	Gathering event notifications
25/11/2025 20:07:49	Gathering remote service bindings
25/11/2025 20:07:49	Gathering broker priorities
25/11/2025 20:07:49	Gathering signatures
25/11/2025 20:07:49	Gathering compression options
25/11/2025 20:07:49	Gathering sequence types
25/11/2025 20:07:49	Gathering security policies
25/11/2025 20:07:49	Gather column encryption keys
25/11/2025 20:07:49	Gathering column master keys
25/11/2025 20:07:49	Gathering external data sources
25/11/2025 20:07:49	Gathering external file formats
25/11/2025 20:07:49	Gathering external tables
25/11/2025 20:07:49	Gathering XML index compression options
25/11/2025 20:07:49	Gathering extended properties
25/11/2025 20:07:49	Gathering assemblies
25/11/2025 20:07:49	Gathering credentials
25/11/2025 20:07:49	Gathering logins
25/11/2025 20:07:49	Gathering server audits
25/11/2025 20:07:49	Scanning project for duplicate elements
25/11/2025 20:07:49	Finished duplicate element processing
25/11/2025 20:07:50	Finished importing database.
25/11/2025 20:07:50	A summary of the import was saved to the following location: C:\Developer\Projects\HotelCore\HotelCore.Database\Import Schema Logs\HotelCore.Database_20251125020741.log
25/11/2025 20:07:50	Click Finish to continue...
